{
  "RSpec": {
    "coverage": {
      "/Users/jamesriddle/turing/3module/projects/sweater_weather/app/models/user.rb": {
        "lines": [
          1,
          1,
          1,
          1,
          null,
          1,
          null
        ]
      },
      "/Users/jamesriddle/turing/3module/projects/sweater_weather/app/models/application_record.rb": {
        "lines": [
          1,
          1,
          null
        ]
      },
      "/Users/jamesriddle/turing/3module/projects/sweater_weather/app/poros/current_weather.rb": {
        "lines": [
          1,
          1,
          null,
          1,
          null,
          4,
          4,
          4,
          4,
          4,
          4,
          4,
          4,
          4,
          4,
          null,
          null,
          null,
          null
        ]
      },
      "/Users/jamesriddle/turing/3module/projects/sweater_weather/app/poros/daily_weather.rb": {
        "lines": [
          1,
          1,
          null,
          1,
          null,
          13,
          13,
          13,
          13,
          13,
          13,
          13,
          13,
          null,
          null,
          null,
          null
        ]
      },
      "/Users/jamesriddle/turing/3module/projects/sweater_weather/app/poros/geocode.rb": {
        "lines": [
          1,
          1,
          null,
          1,
          null,
          7,
          7,
          null,
          null,
          null,
          null,
          null
        ]
      },
      "/Users/jamesriddle/turing/3module/projects/sweater_weather/app/poros/hourly_weather.rb": {
        "lines": [
          1,
          1,
          null,
          1,
          null,
          19,
          19,
          19,
          19,
          null,
          null,
          null,
          null
        ]
      },
      "/Users/jamesriddle/turing/3module/projects/sweater_weather/app/poros/restaurant.rb": {
        "lines": [
          1,
          1,
          null,
          1,
          null,
          3,
          3,
          3,
          null,
          null,
          null,
          null,
          null
        ]
      },
      "/Users/jamesriddle/turing/3module/projects/sweater_weather/app/poros/road_trip.rb": {
        "lines": [
          1,
          1,
          null,
          1,
          null,
          8,
          8,
          8,
          null,
          null,
          null,
          null
        ]
      },
      "/Users/jamesriddle/turing/3module/projects/sweater_weather/app/controllers/api/v1/forecast_controller.rb": {
        "lines": [
          1,
          null,
          1,
          1,
          1,
          null,
          1,
          null,
          null,
          null,
          null,
          1,
          null,
          null,
          null
        ]
      },
      "/Users/jamesriddle/turing/3module/projects/sweater_weather/app/controllers/application_controller.rb": {
        "lines": [
          1,
          null
        ]
      },
      "/Users/jamesriddle/turing/3module/projects/sweater_weather/app/facades/geocode_facade.rb": {
        "lines": [
          null,
          null,
          1,
          null,
          1,
          6,
          6,
          null,
          null,
          1,
          7,
          7,
          null,
          null,
          null
        ]
      },
      "/Users/jamesriddle/turing/3module/projects/sweater_weather/app/services/geocode_service.rb": {
        "lines": [
          1,
          1,
          14,
          14,
          14,
          null,
          null,
          null,
          1,
          8,
          8,
          8,
          null,
          null,
          1,
          22,
          null,
          null
        ]
      },
      "/Users/jamesriddle/turing/3module/projects/sweater_weather/app/facades/forecast_facade.rb": {
        "lines": [
          null,
          null,
          1,
          null,
          1,
          3,
          null,
          null,
          1,
          6,
          null,
          null,
          4,
          4,
          4,
          2,
          null,
          2,
          2,
          null,
          null,
          null,
          null,
          1,
          3,
          3,
          null,
          null,
          1,
          2,
          2,
          10,
          null,
          null,
          null,
          1,
          2,
          2,
          16,
          null,
          null,
          null,
          null
        ]
      },
      "/Users/jamesriddle/turing/3module/projects/sweater_weather/app/services/forecast_service.rb": {
        "lines": [
          1,
          1,
          8,
          8,
          null,
          null,
          1,
          8,
          null,
          null
        ]
      },
      "/Users/jamesriddle/turing/3module/projects/sweater_weather/app/serializers/forecast_serializer.rb": {
        "lines": [
          1,
          null,
          1,
          null,
          1,
          null,
          null,
          null,
          null,
          null,
          null,
          null,
          null,
          null,
          null,
          null,
          null,
          null,
          null,
          null,
          null,
          null,
          5,
          null,
          null,
          null,
          null,
          null,
          null,
          null,
          null,
          null,
          null,
          8,
          null,
          null,
          null,
          null,
          null,
          null,
          null,
          null,
          null,
          null
        ]
      },
      "/Users/jamesriddle/turing/3module/projects/sweater_weather/app/controllers/api/v1/restaurant_controller.rb": {
        "lines": [
          1,
          null,
          1,
          4,
          1,
          1,
          null,
          1,
          null,
          null,
          null,
          1,
          null,
          3,
          null,
          null,
          null,
          null
        ]
      },
      "/Users/jamesriddle/turing/3module/projects/sweater_weather/app/facades/restaurant_facade.rb": {
        "lines": [
          null,
          null,
          1,
          null,
          1,
          2,
          2,
          null,
          null,
          null
        ]
      },
      "/Users/jamesriddle/turing/3module/projects/sweater_weather/app/services/restaurant_service.rb": {
        "lines": [
          1,
          1,
          3,
          3,
          null,
          null,
          null,
          1,
          3,
          null,
          null,
          null
        ]
      },
      "/Users/jamesriddle/turing/3module/projects/sweater_weather/app/serializers/restaurant_serializer.rb": {
        "lines": [
          1,
          null,
          1,
          null,
          1,
          null,
          null,
          null,
          null,
          null,
          null,
          null,
          null,
          null,
          null,
          null,
          null,
          null,
          null,
          null,
          null,
          null
        ]
      },
      "/Users/jamesriddle/turing/3module/projects/sweater_weather/app/controllers/api/v1/users_controller.rb": {
        "lines": [
          1,
          null,
          1,
          10,
          null,
          null,
          null,
          10,
          8,
          null,
          2,
          null,
          null,
          null,
          null,
          null,
          null
        ]
      },
      "/Users/jamesriddle/turing/3module/projects/sweater_weather/app/serializers/user_serializer.rb": {
        "lines": [
          1,
          null,
          1,
          null,
          null,
          9,
          null,
          null,
          null,
          null,
          null,
          null,
          null,
          null,
          null,
          null
        ]
      },
      "/Users/jamesriddle/turing/3module/projects/sweater_weather/app/controllers/api/v1/road_trips_controller.rb": {
        "lines": [
          1,
          null,
          1,
          4,
          4,
          1,
          null,
          3,
          3,
          3,
          3,
          null,
          1,
          null,
          null,
          null,
          1,
          null,
          null,
          2,
          null,
          null,
          null,
          null,
          null,
          2,
          null,
          null,
          null,
          null,
          null
        ]
      },
      "/Users/jamesriddle/turing/3module/projects/sweater_weather/app/serializers/road_trip_serializer.rb": {
        "lines": [
          1,
          null,
          1,
          null,
          null,
          2,
          null,
          null,
          null,
          null,
          null,
          null,
          null,
          null,
          null,
          null,
          null,
          null,
          null,
          null,
          null,
          1,
          null,
          1,
          null,
          null,
          null,
          null,
          null,
          null,
          null,
          null,
          null,
          null,
          null,
          null
        ]
      },
      "/Users/jamesriddle/turing/3module/projects/sweater_weather/app/controllers/api/v1/sessions_controller.rb": {
        "lines": [
          1,
          null,
          1,
          2,
          2,
          1,
          null,
          1,
          null,
          null,
          null,
          null,
          null
        ]
      }
    },
    "timestamp": 1660002889
  }
}
